<?xml version="1.0" encoding="utf-8"?><testsuites name="pytest tests"><testsuite name="pytest" errors="12" failures="1" skipped="0" tests="61" time="17.774" timestamp="2026-08-27T20:10:47.199111+00:00" hostname="agent-env-7b81f31b-2133-4569-93d5-aa3ec3e9d5d9"><testcase classname="tests.test_signup_flow.TestGoogleCompleteProfile" name="test_session_bad_id_returns_401" time="0.668" /><testcase classname="tests.test_signup_flow.TestRegisterApproval" name="test_scout_register_pending_then_approve_creates_member" time="2.623" /><testcase classname="tests.test_signup_flow.TestGoogleCompleteProfile" name="test_session_endpoint_code_sets_profile_incomplete" time="0.001" /><testcase classname="tests.test_signup_flow.TestGoogleCompleteProfile" name="test_google_scout_complete_profile_then_approve" time="2.308" /><testcase classname="tests.test_signup_flow.TestRegisterApproval" name="test_leader_register_approve_upgrades_role" time="1.226" /><testcase classname="tests.test_signup_flow.TestGoogleCompleteProfile" name="test_google_leader_complete_profile_then_approve" time="0.737" /><testcase classname="tests.test_signup_flow.TestGoogleCompleteProfile" name="test_complete_profile_rejected_for_active_user" time="0.181" /><testcase classname="tests.test_signup_flow.TestRegisterApproval" name="test_rejected_user_login_blocked" time="1.218" /><testcase classname="tests.test_signup_flow.TestGoogleCompleteProfile" name="test_complete_profile_invalid_chapter" time="0.152" /><testcase classname="tests.test_signup_flow.TestGoogleCompleteProfile" name="test_complete_profile_requires_auth" time="0.372" /><testcase classname="tests.backend_test.TestAuth" name="test_login_admin" time="0.444" /><testcase classname="tests.backend_test.TestAuth" name="test_login_invalid" time="0.465" /><testcase classname="tests.test_signup_flow.TestRegisterApproval" name="test_register_invalid_chapter" time="0.279" /><testcase classname="tests.backend_test.TestAuth" name="test_me" time="0.160" /><testcase classname="tests.backend_test.TestAuth" name="test_register" time="0.633" /><testcase classname="tests.test_signup_flow.TestRegisterApproval" name="test_chapter_scoped_approval_permissions" time="0.151"><error message="failed on setup with &quot;AssertionError: login ararat.leader@scouts.am failed: 401 {&quot;detail&quot;:&quot;Invalid email or password&quot;}&#10;assert 401 == 200&#10; +  where 401 = &lt;Response [401]&gt;.status_code&quot;">tests/test_signup_flow.py:55: in ararat_admin_token
    return login("ararat.leader@scouts.am", "scout123")
           ^^^^^^^^^^^^^^^^^^^^^^^^^^^^^^^^^^^^^^^^^^^^
tests/test_signup_flow.py:30: in login
    assert r.status_code == 200, f"login {email} failed: {r.status_code} {r.text[:300]}"
E   AssertionError: login ararat.leader@scouts.am failed: 401 {"detail":"Invalid email or password"}
E   assert 401 == 200
E    +  where 401 = &lt;Response [401]&gt;.status_code</error></testcase><testcase classname="tests.test_signup_flow.TestRegisterApproval" name="test_chapter_admin_approves_own_chapter" time="0.001"><error message="failed on setup with &quot;AssertionError: login ararat.leader@scouts.am failed: 401 {&quot;detail&quot;:&quot;Invalid email or password&quot;}&#10;assert 401 == 200&#10; +  where 401 = &lt;Response [401]&gt;.status_code&quot;">tests/test_signup_flow.py:55: in ararat_admin_token
    return login("ararat.leader@scouts.am", "scout123")
           ^^^^^^^^^^^^^^^^^^^^^^^^^^^^^^^^^^^^^^^^^^^^
tests/test_signup_flow.py:30: in login
    assert r.status_code == 200, f"login {email} failed: {r.status_code} {r.text[:300]}"
E   AssertionError: login ararat.leader@scouts.am failed: 401 {"detail":"Invalid email or password"}
E   assert 401 == 200
E    +  where 401 = &lt;Response [401]&gt;.status_code</error></testcase><testcase classname="tests.backend_test.TestAuth" name="test_emergent_session_bad" time="0.231" /><testcase classname="tests.backend_test.TestMembers" name="test_admin_list_all" time="0.769" /><testcase classname="tests.backend_test.TestMembers" name="test_filter_by_chapter" time="0.173" /><testcase classname="tests.backend_test.TestStats" name="test_national" time="0.184" /><testcase classname="tests.backend_test.TestMembers" name="test_filter_section" time="0.153" /><testcase classname="tests.backend_test.TestMembers" name="test_search_q" time="0.301" /><testcase classname="tests.backend_test.TestStats" name="test_national_forbidden_for_scout" time="0.537" /><testcase classname="tests.backend_test.TestStats" name="test_chapter" time="0.263"><error message="failed on setup with &quot;AssertionError: {&quot;detail&quot;:&quot;Invalid email or password&quot;}&#10;assert 401 == 200&#10; +  where 401 = &lt;Response [401]&gt;.status_code&quot;">tests/backend_test.py:22: in chapter_admin_token
    assert r.status_code == 200, r.text
E   AssertionError: {"detail":"Invalid email or password"}
E   assert 401 == 200
E    +  where 401 = &lt;Response [401]&gt;.status_code</error></testcase><testcase classname="tests.backend_test.TestStats" name="test_chapter_denied_other" time="0.000"><error message="failed on setup with &quot;AssertionError: {&quot;detail&quot;:&quot;Invalid email or password&quot;}&#10;assert 401 == 200&#10; +  where 401 = &lt;Response [401]&gt;.status_code&quot;">tests/backend_test.py:22: in chapter_admin_token
    assert r.status_code == 200, r.text
E   AssertionError: {"detail":"Invalid email or password"}
E   assert 401 == 200
E    +  where 401 = &lt;Response [401]&gt;.status_code</error></testcase><testcase classname="tests.backend_test.TestStats" name="test_scout_stats" time="0.149" /><testcase classname="tests.backend_test.TestMembers" name="test_scout_sees_own_chapter" time="0.623" /><testcase classname="tests.test_signup_flow.TestPublicEndpoints" name="test_public_no_auth[/public/overview]" time="0.446" /><testcase classname="tests.test_signup_flow.TestPublicEndpoints" name="test_public_no_auth[/public/badges]" time="0.126" /><testcase classname="tests.test_signup_flow.TestPrograms" name="test_levels_and_counts" time="0.593"><error message="failed on setup with &quot;AssertionError: login ararat.leader@scouts.am failed: 401 {&quot;detail&quot;:&quot;Invalid email or password&quot;}&#10;assert 401 == 200&#10; +  where 401 = &lt;Response [401]&gt;.status_code&quot;">tests/test_signup_flow.py:55: in ararat_admin_token
    return login("ararat.leader@scouts.am", "scout123")
           ^^^^^^^^^^^^^^^^^^^^^^^^^^^^^^^^^^^^^^^^^^^^
tests/test_signup_flow.py:30: in login
    assert r.status_code == 200, f"login {email} failed: {r.status_code} {r.text[:300]}"
E   AssertionError: login ararat.leader@scouts.am failed: 401 {"detail":"Invalid email or password"}
E   assert 401 == 200
E    +  where 401 = &lt;Response [401]&gt;.status_code</error></testcase><testcase classname="tests.test_signup_flow.TestPublicEndpoints" name="test_public_no_auth[/public/newsletters]" time="0.402" /><testcase classname="tests.test_signup_flow.TestPublicEndpoints" name="test_public_no_auth[/public/programs/upcoming]" time="0.152" /><testcase classname="tests.test_signup_flow.TestPrograms" name="test_capacity_waitlist_and_promotion" time="0.526"><error message="failed on setup with &quot;AssertionError: login sevan.leader@scouts.am failed: 401 {&quot;detail&quot;:&quot;Invalid email or password&quot;}&#10;assert 401 == 200&#10; +  where 401 = &lt;Response [401]&gt;.status_code&quot;">tests/test_signup_flow.py:60: in sevan_leader_token
    return login("sevan.leader@scouts.am", "scout123")
           ^^^^^^^^^^^^^^^^^^^^^^^^^^^^^^^^^^^^^^^^^^^
tests/test_signup_flow.py:30: in login
    assert r.status_code == 200, f"login {email} failed: {r.status_code} {r.text[:300]}"
E   AssertionError: login sevan.leader@scouts.am failed: 401 {"detail":"Invalid email or password"}
E   assert 401 == 200
E    +  where 401 = &lt;Response [401]&gt;.status_code</error></testcase><testcase classname="tests.test_signup_flow.TestPrograms" name="test_full_without_waitlist_returns_400" time="0.000"><error message="failed on setup with &quot;AssertionError: login sevan.leader@scouts.am failed: 401 {&quot;detail&quot;:&quot;Invalid email or password&quot;}&#10;assert 401 == 200&#10; +  where 401 = &lt;Response [401]&gt;.status_code&quot;">tests/test_signup_flow.py:60: in sevan_leader_token
    return login("sevan.leader@scouts.am", "scout123")
           ^^^^^^^^^^^^^^^^^^^^^^^^^^^^^^^^^^^^^^^^^^^
tests/test_signup_flow.py:30: in login
    assert r.status_code == 200, f"login {email} failed: {r.status_code} {r.text[:300]}"
E   AssertionError: login sevan.leader@scouts.am failed: 401 {"detail":"Invalid email or password"}
E   assert 401 == 200
E    +  where 401 = &lt;Response [401]&gt;.status_code</error></testcase><testcase classname="tests.test_signup_flow.TestPrograms" name="test_scout_cannot_create_program" time="0.163" /><testcase classname="tests.test_signup_flow.TestPublicEndpoints" name="test_public_no_auth[/public/announcements]" time="0.160" /><testcase classname="tests.test_signup_flow.TestPrograms" name="test_register_unknown_program_404" time="0.122" /><testcase classname="tests.backend_test.TestBadges" name="test_list_badges" time="0.186" /><testcase classname="tests.backend_test.TestPrograms" name="test_list_programs" time="0.138" /><testcase classname="tests.backend_test.TestPrograms" name="test_create_program" time="0.194" /><testcase classname="tests.backend_test.TestBadges" name="test_update_progress" time="0.169"><error message="failed on setup with &quot;AssertionError: {&quot;detail&quot;:&quot;Invalid email or password&quot;}&#10;assert 401 == 200&#10; +  where 401 = &lt;Response [401]&gt;.status_code&quot;">tests/backend_test.py:22: in chapter_admin_token
    assert r.status_code == 200, r.text
E   AssertionError: {"detail":"Invalid email or password"}
E   assert 401 == 200
E    +  where 401 = &lt;Response [401]&gt;.status_code</error></testcase><testcase classname="tests.backend_test.TestBadges" name="test_award_badge_notifies" time="0.000"><error message="failed on setup with &quot;AssertionError: {&quot;detail&quot;:&quot;Invalid email or password&quot;}&#10;assert 401 == 200&#10; +  where 401 = &lt;Response [401]&gt;.status_code&quot;">tests/backend_test.py:22: in chapter_admin_token
    assert r.status_code == 200, r.text
E   AssertionError: {"detail":"Invalid email or password"}
E   assert 401 == 200
E    +  where 401 = &lt;Response [401]&gt;.status_code</error></testcase><testcase classname="tests.backend_test.TestPrograms" name="test_duplicate_program" time="0.321" /><testcase classname="tests.test_signup_flow.TestTrash" name="test_trash_permissions" time="0.738"><error message="failed on setup with &quot;AssertionError: login ararat.leader@scouts.am failed: 401 {&quot;detail&quot;:&quot;Invalid email or password&quot;}&#10;assert 401 == 200&#10; +  where 401 = &lt;Response [401]&gt;.status_code&quot;">tests/test_signup_flow.py:55: in ararat_admin_token
    return login("ararat.leader@scouts.am", "scout123")
           ^^^^^^^^^^^^^^^^^^^^^^^^^^^^^^^^^^^^^^^^^^^^
tests/test_signup_flow.py:30: in login
    assert r.status_code == 200, f"login {email} failed: {r.status_code} {r.text[:300]}"
E   AssertionError: login ararat.leader@scouts.am failed: 401 {"detail":"Invalid email or password"}
E   assert 401 == 200
E    +  where 401 = &lt;Response [401]&gt;.status_code</error></testcase><testcase classname="tests.test_signup_flow.TestTrash" name="test_badge_archive_unarchive_roundtrip" time="1.116" /><testcase classname="tests.test_signup_flow.TestMemberRoleSyncAndParent" name="test_sync_role_suggestion_then_apply" time="1.882"><failure message="IndexError: list index out of range">tests/test_signup_flow.py:512: in test_sync_role_suggestion_then_apply
    u = [x for x in users if x["email"] == member_with_user["email"]][0]
        ^^^^^^^^^^^^^^^^^^^^^^^^^^^^^^^^^^^^^^^^^^^^^^^^^^^^^^^^^^^^^^^^
E   IndexError: list index out of range</failure></testcase><testcase classname="tests.test_signup_flow.TestMemberRoleSyncAndParent" name="test_sync_role_member_without_user" time="0.341" /><testcase classname="tests.test_signup_flow.TestMemberRoleSyncAndParent" name="test_invite_parent_and_parent_children" time="1.475" /><testcase classname="tests.test_signup_flow.TestTrash" name="test_chapter_archive_unarchive_roundtrip" time="1.564" /><testcase classname="tests.test_signup_flow.TestPasswordChange" name="test_change_password_flow" time="3.682" /><testcase classname="tests.backend_test.TestUserRole" name="test_update_role" time="0.651" /><testcase classname="tests.backend_test.TestUserRole" name="test_role_forbidden_for_scout" time="0.145" /><testcase classname="tests.backend_test.TestAttendance" name="test_record_and_list" time="0.000"><error message="failed on setup with &quot;AssertionError: {&quot;detail&quot;:&quot;Invalid email or password&quot;}&#10;assert 401 == 200&#10; +  where 401 = &lt;Response [401]&gt;.status_code&quot;">tests/backend_test.py:22: in chapter_admin_token
    assert r.status_code == 200, r.text
E   AssertionError: {"detail":"Invalid email or password"}
E   assert 401 == 200
E    +  where 401 = &lt;Response [401]&gt;.status_code</error></testcase><testcase classname="tests.backend_test.TestNewsletters" name="test_create_newsletter" time="0.156" /><testcase classname="tests.backend_test.TestAnnouncements" name="test_chapter_admin_announcement_scoped" time="0.000"><error message="failed on setup with &quot;AssertionError: {&quot;detail&quot;:&quot;Invalid email or password&quot;}&#10;assert 401 == 200&#10; +  where 401 = &lt;Response [401]&gt;.status_code&quot;">tests/backend_test.py:22: in chapter_admin_token
    assert r.status_code == 200, r.text
E   AssertionError: {"detail":"Invalid email or password"}
E   assert 401 == 200
E    +  where 401 = &lt;Response [401]&gt;.status_code</error></testcase><testcase classname="tests.backend_test.TestNotifications" name="test_get_and_mark_read" time="0.738" /><testcase classname="tests.backend_test.TestAudit" name="test_admin_only" time="0.399" /><testcase classname="tests.backend_test.TestSearch" name="test_search_ararat" time="0.153" /><testcase classname="tests.test_signup_flow.TestPasswordChange" name="test_google_only_account_cannot_change_password" time="0.156" /><testcase classname="tests.backend_test.TestChapters" name="test_list_chapters" time="0.169" /></testsuite></testsuites>