<?xml version="1.0" encoding="utf-8"?><testsuites name="pytest tests"><testsuite name="pytest" errors="0" failures="0" skipped="0" tests="109" time="86.979" timestamp="2026-08-28T07:19:00.372700+00:00" hostname="agent-env-7b81f31b-2133-4569-93d5-aa3ec3e9d5d9"><testcase classname="tests.test_signup_flow.TestGoogleCompleteProfile" name="test_session_bad_id_returns_401" time="0.603" /><testcase classname="tests.test_user_admin.TestArchiveDelete" name="test_archive_blocks_login_and_unarchive_restores" time="2.728" /><testcase classname="tests.test_signup_flow.TestGoogleCompleteProfile" name="test_session_endpoint_code_sets_profile_incomplete" time="0.001" /><testcase classname="tests.test_signup_flow.TestGoogleCompleteProfile" name="test_google_scout_complete_profile_then_approve" time="1.661" /><testcase classname="tests.test_signup_flow.TestGoogleCompleteProfile" name="test_google_leader_complete_profile_then_approve" time="0.633" /><testcase classname="tests.test_user_admin.TestArchiveDelete" name="test_cannot_archive_own_account" time="0.188" /><testcase classname="tests.test_signup_flow.TestGoogleCompleteProfile" name="test_complete_profile_rejected_for_active_user" time="0.097" /><testcase classname="tests.test_user_admin.TestArchiveDelete" name="test_cannot_delete_own_account" time="0.249" /><testcase classname="tests.test_signup_flow.TestGoogleCompleteProfile" name="test_complete_profile_invalid_chapter" time="0.118" /><testcase classname="tests.test_signup_flow.TestGoogleCompleteProfile" name="test_complete_profile_requires_auth" time="0.386" /><testcase classname="tests.test_user_admin.TestArchiveDelete" name="test_national_admin_delete_removes_user" time="0.760" /><testcase classname="tests.test_user_admin.TestArchiveDelete" name="test_chapter_admin_cannot_delete" time="1.238" /><testcase classname="tests.test_archive_profile_iter3.TestPublicProfileAuthz" name="test_national_admin_can_update" time="1.637" /><testcase classname="tests.test_archive_profile_iter3.TestPublicProfileAuthz" name="test_chapter_admin_forbidden_same_chapter" time="0.128" /><testcase classname="tests.test_user_admin.TestArchiveDelete" name="test_chapter_admin_archive_scoped_to_own_chapter" time="2.710" /><testcase classname="tests.test_archive_profile_iter3.TestPublicProfileAuthz" name="test_self_edit_forbidden" time="0.928" /><testcase classname="tests.test_archive_profile_iter3.TestPublicProfileAuthz" name="test_scout_forbidden" time="0.424" /><testcase classname="tests.test_archive_profile_iter3.TestPublicProfileAuthz" name="test_unauthenticated_forbidden" time="0.116" /><testcase classname="tests.test_archive_profile_iter3.TestPublicProfileAuthz" name="test_nonexistent_user_404" time="0.266" /><testcase classname="tests.test_signup_flow.TestRegisterApproval" name="test_scout_register_pending_then_approve_creates_member" time="39.353" /><testcase classname="tests.test_user_admin.TestArchiveDelete" name="test_chapter_admin_users_list_scoped" time="0.100" /><testcase classname="tests.test_user_admin.TestArchiveDelete" name="test_scout_cannot_list_users_or_archive" time="21.441" /><testcase classname="tests.test_user_admin.TestArchiveDelete" name="test_archive_unknown_user_404" time="30.164" /><testcase classname="tests.test_signup_flow.TestRegisterApproval" name="test_leader_register_approve_upgrades_role" time="0.993" /><testcase classname="tests.test_signup_flow.TestRegisterApproval" name="test_rejected_user_login_blocked" time="7.983" /><testcase classname="tests.test_signup_flow.TestRegisterApproval" name="test_register_invalid_chapter" time="0.116" /><testcase classname="tests.test_signup_flow.TestRegisterApproval" name="test_chapter_scoped_approval_permissions" time="1.615" /><testcase classname="tests.test_signup_flow.TestRegisterApproval" name="test_chapter_admin_approves_own_chapter" time="0.884" /><testcase classname="tests.backend_test.TestAuth" name="test_login_admin" time="0.317" /><testcase classname="tests.backend_test.TestAuth" name="test_login_invalid" time="0.337" /><testcase classname="tests.backend_test.TestAuth" name="test_me" time="0.113" /><testcase classname="tests.backend_test.TestAuth" name="test_register" time="4.824" /><testcase classname="tests.test_user_admin.TestSeededLogins" name="test_seeded_login[admin@scouts.am-admin123-national_admin]" time="0.323" /><testcase classname="tests.test_user_admin.TestSeededLogins" name="test_seeded_login[ararat.leader@scouts.am-scout123-chapter_admin]" time="0.365" /><testcase classname="tests.test_user_admin.TestSeededLogins" name="test_seeded_login[sevan.leader@scouts.am-scout123-chapter_leader]" time="0.357" /><testcase classname="tests.test_user_admin.TestSeededLogins" name="test_seeded_login[narek@scouts.am-scout123-scout]" time="0.333" /><testcase classname="tests.test_user_admin.TestSeededLogins" name="test_bcrypt_hash_format" time="0.001" /><testcase classname="tests.test_user_admin.TestSeededLogins" name="test_seeded_programs_and_members" time="0.274" /><testcase classname="tests.backend_test.TestStats" name="test_national" time="0.466" /><testcase classname="tests.backend_test.TestStats" name="test_national_forbidden_for_scout" time="0.418" /><testcase classname="tests.backend_test.TestStats" name="test_chapter" time="0.457" /><testcase classname="tests.backend_test.TestStats" name="test_chapter_denied_other" time="0.096" /><testcase classname="tests.backend_test.TestStats" name="test_scout_stats" time="0.099" /><testcase classname="tests.test_archive_profile_iter3" name="test_seeded_logins[admin]" time="0.318" /><testcase classname="tests.test_archive_profile_iter3" name="test_seeded_logins[chapter_admin]" time="0.496" /><testcase classname="tests.backend_test.TestAuth" name="test_emergent_session_bad" time="0.396" /><testcase classname="tests.test_archive_profile_iter3" name="test_seeded_logins[chapter_leader]" time="0.315" /><testcase classname="tests.test_archive_profile_iter3" name="test_seeded_logins[scout]" time="0.328" /><testcase classname="tests.backend_test.TestMembers" name="test_admin_list_all" time="0.304" /><testcase classname="tests.backend_test.TestMembers" name="test_filter_by_chapter" time="0.319" /><testcase classname="tests.backend_test.TestMembers" name="test_filter_section" time="0.101" /><testcase classname="tests.backend_test.TestMembers" name="test_search_q" time="0.116" /><testcase classname="tests.test_archive_profile_iter3" name="test_chapter_detail_leaders_all_active" time="0.760" /><testcase classname="tests.test_signup_flow.TestPublicEndpoints" name="test_public_no_auth[/public/overview]" time="0.269" /><testcase classname="tests.test_signup_flow.TestPublicEndpoints" name="test_public_no_auth[/public/badges]" time="0.124" /><testcase classname="tests.backend_test.TestMembers" name="test_scout_sees_own_chapter" time="0.617" /><testcase classname="tests.test_signup_flow.TestPublicEndpoints" name="test_public_no_auth[/public/newsletters]" time="0.111" /><testcase classname="tests.test_signup_flow.TestPublicEndpoints" name="test_public_no_auth[/public/programs/upcoming]" time="0.230" /><testcase classname="tests.test_signup_flow.TestPublicEndpoints" name="test_public_no_auth[/public/announcements]" time="0.358" /><testcase classname="tests.test_signup_flow.TestPrograms" name="test_levels_and_counts" time="1.323" /><testcase classname="tests.test_user_admin.TestCompleteProfile" name="test_profile_incomplete_user_completes_and_becomes_pending" time="0.689" /><testcase classname="tests.test_user_admin.TestCompleteProfile" name="test_complete_profile_leader_variant" time="0.442" /><testcase classname="tests.test_user_admin.TestCompleteProfile" name="test_complete_profile_rejected_for_active_user" time="0.215" /><testcase classname="tests.test_user_admin.TestCompleteProfile" name="test_complete_profile_requires_auth" time="0.122" /><testcase classname="tests.test_signup_flow.TestPrograms" name="test_capacity_waitlist_and_promotion" time="2.368" /><testcase classname="tests.test_user_admin.TestCompleteProfile" name="test_session_invalid_id" time="0.163" /><testcase classname="tests.test_user_admin.TestRegistrationApproval" name="test_scout_register_stashes_profile_and_approve_creates_member" time="1.588" /><testcase classname="tests.test_signup_flow.TestPrograms" name="test_full_without_waitlist_returns_400" time="0.572" /><testcase classname="tests.test_user_admin.TestRegistrationApproval" name="test_leader_register_and_approve_grants_role" time="1.227" /><testcase classname="tests.test_signup_flow.TestPrograms" name="test_scout_cannot_create_program" time="0.126" /><testcase classname="tests.test_signup_flow.TestPrograms" name="test_register_unknown_program_404" time="0.121" /><testcase classname="tests.backend_test.TestBadges" name="test_list_badges" time="0.634" /><testcase classname="tests.test_user_admin.TestRegistrationApproval" name="test_reject_blocks_login" time="1.025" /><testcase classname="tests.backend_test.TestBadges" name="test_update_progress" time="0.592" /><testcase classname="tests.backend_test.TestBadges" name="test_award_badge_notifies" time="0.534" /><testcase classname="tests.test_user_admin.TestRegistrationApproval" name="test_duplicate_email_and_bad_chapter" time="0.874" /><testcase classname="tests.test_archive_profile_iter3.TestMembersArchiveFilters" name="test_default_excludes_archived" time="0.724" /><testcase classname="tests.test_archive_profile_iter3.TestMembersArchiveFilters" name="test_include_archived_true" time="0.072" /><testcase classname="tests.backend_test.TestPrograms" name="test_list_programs" time="0.132" /><testcase classname="tests.test_archive_profile_iter3.TestMembersArchiveFilters" name="test_status_archived_only" time="0.137" /><testcase classname="tests.backend_test.TestPrograms" name="test_create_program" time="0.100" /><testcase classname="tests.test_archive_profile_iter3.TestSplitRegistration" name="test_scout_signup_pending_then_approve_creates_member" time="2.774" /><testcase classname="tests.backend_test.TestPrograms" name="test_duplicate_program" time="0.283" /><testcase classname="tests.test_archive_profile_iter3.TestGalleries" name="test_create_gallery_and_add_three_images" time="2.389" /><testcase classname="tests.test_archive_profile_iter3.TestGalleries" name="test_public_galleries_trims_to_12" time="0.509" /><testcase classname="tests.test_archive_profile_iter3.TestSplitRegistration" name="test_leader_signup_pending_and_role_on_approval" time="1.611" /><testcase classname="tests.test_archive_profile_iter3.TestGalleries" name="test_scout_cannot_create_gallery" time="0.576" /><testcase classname="tests.test_archive_profile_iter3.TestSplitRegistration" name="test_duplicate_email_rejected" time="0.251" /><testcase classname="tests.test_signup_flow.TestMemberRoleSyncAndParent" name="test_sync_role_suggestion_then_apply" time="2.493" /><testcase classname="tests.test_signup_flow.TestTrash" name="test_trash_permissions" time="1.978" /><testcase classname="tests.test_signup_flow.TestMemberRoleSyncAndParent" name="test_sync_role_member_without_user" time="0.268" /><testcase classname="tests.test_signup_flow.TestMemberRoleSyncAndParent" name="test_invite_parent_and_parent_children" time="1.171" /><testcase classname="tests.test_signup_flow.TestTrash" name="test_badge_archive_unarchive_roundtrip" time="1.492" /><testcase classname="tests.backend_test.TestUserRole" name="test_update_role" time="0.515" /><testcase classname="tests.test_signup_flow.TestTrash" name="test_chapter_archive_unarchive_roundtrip" time="1.344" /><testcase classname="tests.backend_test.TestUserRole" name="test_role_forbidden_for_scout" time="0.107" /><testcase classname="tests.test_archive_profile_iter3.TestPublicLeaders" name="test_all_returned_leaders_are_active_roles" time="0.122" /><testcase classname="tests.test_archive_profile_iter3.TestPublicLeaders" name="test_archived_leader_excluded" time="1.800" /><testcase classname="tests.test_archive_profile_iter3.TestPublicOverviewArchived" name="test_archived_chapter_hidden" time="0.909" /><testcase classname="tests.test_archive_profile_iter3.TestPublicOverviewArchived" name="test_archived_badge_excluded_from_overview_count_and_public_badges" time="1.465" /><testcase classname="tests.test_signup_flow.TestPasswordChange" name="test_change_password_flow" time="3.046" /><testcase classname="tests.backend_test.TestChapters" name="test_list_chapters" time="0.290" /><testcase classname="tests.backend_test.TestNewsletters" name="test_create_newsletter" time="0.118" /><testcase classname="tests.backend_test.TestAnnouncements" name="test_chapter_admin_announcement_scoped" time="0.477" /><testcase classname="tests.backend_test.TestNotifications" name="test_get_and_mark_read" time="0.651" /><testcase classname="tests.test_signup_flow.TestPasswordChange" name="test_google_only_account_cannot_change_password" time="0.157" /><testcase classname="tests.backend_test.TestAudit" name="test_admin_only" time="0.296" /><testcase classname="tests.backend_test.TestAttendance" name="test_record_and_list" time="0.332" /><testcase classname="tests.backend_test.TestSearch" name="test_search_chapter_by_name" time="0.219" /></testsuite></testsuites>