<?xml version="1.0" encoding="utf-8"?><testsuites name="pytest tests"><testsuite name="pytest" errors="0" failures="0" skipped="0" tests="25" time="5.983" timestamp="2026-08-28T07:44:56.395299+00:00" hostname="agent-env-7b81f31b-2133-4569-93d5-aa3ec3e9d5d9"><testcase classname="tests.test_iter5_card_payments_cascade.TestCascadeDelete" name="test_impact_national_admin" time="1.255" /><testcase classname="tests.test_iter5_card_payments_cascade.TestPayments" name="test_checkout_paid_program" time="2.290" /><testcase classname="tests.test_iter5_card_payments_cascade.TestCascadeDelete" name="test_impact_forbidden_for_chapter_admin" time="1.029" /><testcase classname="tests.test_iter5_card_payments_cascade.TestCascadeDelete" name="test_impact_unknown_chapter_404" time="0.053" /><testcase classname="tests.test_iter5_card_payments_cascade.TestCascadeDelete" name="test_delete_without_params_returns_409" time="0.433" /><testcase classname="tests.test_iter5_card_payments_cascade.TestPayments" name="test_checkout_free_program_400" time="0.153" /><testcase classname="tests.test_iter5_card_payments_cascade.TestPayments" name="test_checkout_requires_auth" time="0.061" /><testcase classname="tests.test_iter5_card_payments_cascade.TestPayments" name="test_checkout_unknown_program_404" time="0.103" /><testcase classname="tests.test_iter5_card_payments_cascade.TestPayments" name="test_status_unknown_session_404" time="0.164" /><testcase classname="tests.test_iter5_card_payments_cascade.TestCascadeDelete" name="test_delete_with_reassign" time="0.848" /><testcase classname="tests.test_iter5_card_payments_cascade.TestProgramFees" name="test_create_persists_fee" time="0.108" /><testcase classname="tests.test_iter5_card_payments_cascade.TestProgramFees" name="test_list_returns_fee" time="0.076" /><testcase classname="tests.test_iter5_card_payments_cascade.TestProgramFees" name="test_direct_register_paid_program_402" time="0.064" /><testcase classname="tests.test_iter5_card_payments_cascade.TestProgramFees" name="test_direct_register_free_program_ok" time="0.312" /><testcase classname="tests.test_iter5_card_payments_cascade.TestSeedMigration" name="test_new_owner_admin_email_logs_in" time="0.278" /><testcase classname="tests.test_iter5_card_payments_cascade.TestSeedMigration" name="test_old_admin_email_no_longer_valid" time="0.055" /><testcase classname="tests.test_iter5_card_payments_cascade.TestCascadeDelete" name="test_delete_with_force_orphans" time="0.480" /><testcase classname="tests.test_iter5_card_payments_cascade.TestSeedMigration" name="test_bcrypt_hash_format" time="0.055" /><testcase classname="tests.test_iter5_card_payments_cascade.TestPublicVerify" name="test_verify_valid_member_no_auth" time="0.053" /><testcase classname="tests.test_iter5_card_payments_cascade.TestPublicVerify" name="test_verify_missing_member" time="0.058" /><testcase classname="tests.test_iter5_card_payments_cascade.TestPublicVerify" name="test_verify_archived_member" time="0.269" /><testcase classname="tests.test_iter5_card_payments_cascade.TestCascadeDelete" name="test_reassign_to_same_chapter_400" time="0.377" /><testcase classname="tests.test_iter5_card_payments_cascade.TestCascadeDelete" name="test_reassign_to_nonexistent_400" time="0.499" /><testcase classname="tests.test_iter5_card_payments_cascade.TestCascadeDelete" name="test_delete_empty_chapter_no_params" time="0.163" /><testcase classname="tests.test_iter5_card_payments_cascade.TestCascadeDelete" name="test_delete_forbidden_for_chapter_admin" time="0.476" /></testsuite></testsuites>