<?xml version="1.0" encoding="utf-8"?><testsuites name="pytest tests"><testsuite name="pytest" errors="0" failures="4" skipped="0" tests="85" time="121.135" timestamp="2026-08-28T07:10:06.267450+00:00" hostname="agent-env-7b81f31b-2133-4569-93d5-aa3ec3e9d5d9"><testcase classname="tests.test_signup_flow.TestGoogleCompleteProfile" name="test_session_bad_id_returns_401" time="0.412" /><testcase classname="tests.test_user_admin.TestArchiveDelete" name="test_archive_blocks_login_and_unarchive_restores" time="2.714" /><testcase classname="tests.test_signup_flow.TestGoogleCompleteProfile" name="test_session_endpoint_code_sets_profile_incomplete" time="0.001" /><testcase classname="tests.test_signup_flow.TestGoogleCompleteProfile" name="test_google_scout_complete_profile_then_approve" time="1.780" /><testcase classname="tests.test_signup_flow.TestGoogleCompleteProfile" name="test_google_leader_complete_profile_then_approve" time="0.636" /><testcase classname="tests.test_user_admin.TestArchiveDelete" name="test_cannot_archive_own_account" time="0.270" /><testcase classname="tests.test_signup_flow.TestGoogleCompleteProfile" name="test_complete_profile_rejected_for_active_user" time="0.098" /><testcase classname="tests.test_signup_flow.TestGoogleCompleteProfile" name="test_complete_profile_invalid_chapter" time="0.101" /><testcase classname="tests.test_user_admin.TestArchiveDelete" name="test_cannot_delete_own_account" time="0.221" /><testcase classname="tests.test_signup_flow.TestGoogleCompleteProfile" name="test_complete_profile_requires_auth" time="0.126" /><testcase classname="tests.test_signup_flow.TestRegisterApproval" name="test_scout_register_pending_then_approve_creates_member" time="1.967" /><testcase classname="tests.test_user_admin.TestArchiveDelete" name="test_national_admin_delete_removes_user" time="1.065" /><testcase classname="tests.test_user_admin.TestArchiveDelete" name="test_chapter_admin_cannot_delete" time="1.235" /><testcase classname="tests.test_signup_flow.TestRegisterApproval" name="test_leader_register_approve_upgrades_role" time="1.403" /><testcase classname="tests.test_user_admin.TestArchiveDelete" name="test_chapter_admin_archive_scoped_to_own_chapter" time="2.321" /><testcase classname="tests.test_signup_flow.TestRegisterApproval" name="test_rejected_user_login_blocked" time="0.980" /><testcase classname="tests.test_signup_flow.TestRegisterApproval" name="test_register_invalid_chapter" time="0.327" /><testcase classname="tests.test_user_admin.TestArchiveDelete" name="test_chapter_admin_users_list_scoped" time="0.379" /><testcase classname="tests.test_user_admin.TestArchiveDelete" name="test_scout_cannot_list_users_or_archive" time="0.864" /><testcase classname="tests.test_signup_flow.TestRegisterApproval" name="test_chapter_scoped_approval_permissions" time="2.027" /><testcase classname="tests.test_user_admin.TestArchiveDelete" name="test_archive_unknown_user_404" time="0.129" /><testcase classname="tests.backend_test.TestAuth" name="test_login_admin" time="0.329" /><testcase classname="tests.backend_test.TestAuth" name="test_login_invalid" time="0.323" /><testcase classname="tests.backend_test.TestAuth" name="test_me" time="0.130" /><testcase classname="tests.test_signup_flow.TestRegisterApproval" name="test_chapter_admin_approves_own_chapter" time="12.365" /><testcase classname="tests.backend_test.TestAuth" name="test_register" time="0.430" /><testcase classname="tests.backend_test.TestAuth" name="test_emergent_session_bad" time="0.278" /><testcase classname="tests.backend_test.TestMembers" name="test_admin_list_all" time="0.192"><failure message="AssertionError: assert 1 &gt;= 20&#10; +  where 1 = len([{'full_name': 'TEST Own Chapter', 'full_name_hy': '', 'email': 'test_own_093cfc@example.com', 'phone': '', ...}])&#10; +    where [{'full_name': 'TEST Own Chapter', 'full_name_hy': '', 'email': 'test_own_093cfc@example.com', 'phone': '', ...}] = json()&#10; +      where json = &lt;Response [200]&gt;.json">E   AssertionError: assert 1 &gt;= 20
     +  where 1 = len([{'full_name': 'TEST Own Chapter', 'full_name_hy': '', 'email': 'test_own_093cfc@example.com', 'phone': '', ...}])
     +    where [{'full_name': 'TEST Own Chapter', 'full_name_hy': '', 'email': 'test_own_093cfc@example.com', 'phone': '', ...}] = json()
     +      where json = &lt;Response [200]&gt;.json</failure></testcase><testcase classname="tests.backend_test.TestMembers" name="test_filter_by_chapter" time="11.385" /><testcase classname="tests.test_user_admin.TestSeededLogins" name="test_seeded_login[admin@scouts.am-admin123-national_admin]" time="0.444" /><testcase classname="tests.backend_test.TestMembers" name="test_filter_section" time="0.157" /><testcase classname="tests.backend_test.TestMembers" name="test_search_q" time="0.260"><failure message="assert False&#10; +  where False = any(&lt;generator object TestMembers.test_search_q.&lt;locals&gt;.&lt;genexpr&gt; at 0xfaef99efab20&gt;)">E   assert False
     +  where False = any(&lt;generator object TestMembers.test_search_q.&lt;locals&gt;.&lt;genexpr&gt; at 0xfaef99efab20&gt;)</failure></testcase><testcase classname="tests.test_user_admin.TestSeededLogins" name="test_seeded_login[ararat.leader@scouts.am-scout123-chapter_admin]" time="0.317" /><testcase classname="tests.test_user_admin.TestSeededLogins" name="test_seeded_login[sevan.leader@scouts.am-scout123-chapter_leader]" time="0.445" /><testcase classname="tests.backend_test.TestMembers" name="test_scout_sees_own_chapter" time="0.746" /><testcase classname="tests.test_user_admin.TestSeededLogins" name="test_seeded_login[narek@scouts.am-scout123-scout]" time="0.332" /><testcase classname="tests.backend_test.TestStats" name="test_national" time="0.124" /><testcase classname="tests.backend_test.TestStats" name="test_national_forbidden_for_scout" time="0.228" /><testcase classname="tests.test_user_admin.TestSeededLogins" name="test_bcrypt_hash_format" time="0.004" /><testcase classname="tests.test_user_admin.TestSeededLogins" name="test_seeded_programs_and_members" time="0.669"><failure message="assert 0 &gt;= 30&#10; +  where 0 = len([])&#10; +    where [] = json()&#10; +      where json = &lt;Response [200]&gt;.json">E   assert 0 &gt;= 30
     +  where 0 = len([])
     +    where [] = json()
     +      where json = &lt;Response [200]&gt;.json</failure></testcase><testcase classname="tests.backend_test.TestStats" name="test_chapter" time="0.679" /><testcase classname="tests.test_signup_flow.TestPublicEndpoints" name="test_public_no_auth[/public/overview]" time="0.097" /><testcase classname="tests.backend_test.TestStats" name="test_chapter_denied_other" time="0.152" /><testcase classname="tests.test_signup_flow.TestPublicEndpoints" name="test_public_no_auth[/public/badges]" time="0.101" /><testcase classname="tests.backend_test.TestStats" name="test_scout_stats" time="0.107" /><testcase classname="tests.test_signup_flow.TestPublicEndpoints" name="test_public_no_auth[/public/newsletters]" time="0.107" /><testcase classname="tests.test_signup_flow.TestPublicEndpoints" name="test_public_no_auth[/public/programs/upcoming]" time="0.317" /><testcase classname="tests.test_signup_flow.TestPublicEndpoints" name="test_public_no_auth[/public/announcements]" time="0.328" /><testcase classname="tests.test_signup_flow.TestPrograms" name="test_levels_and_counts" time="1.356" /><testcase classname="tests.test_user_admin.TestCompleteProfile" name="test_profile_incomplete_user_completes_and_becomes_pending" time="0.705" /><testcase classname="tests.test_user_admin.TestCompleteProfile" name="test_complete_profile_leader_variant" time="0.439" /><testcase classname="tests.test_user_admin.TestCompleteProfile" name="test_complete_profile_rejected_for_active_user" time="0.262" /><testcase classname="tests.test_signup_flow.TestPrograms" name="test_capacity_waitlist_and_promotion" time="2.217" /><testcase classname="tests.test_user_admin.TestCompleteProfile" name="test_complete_profile_requires_auth" time="0.094" /><testcase classname="tests.test_user_admin.TestCompleteProfile" name="test_session_invalid_id" time="0.221" /><testcase classname="tests.test_user_admin.TestRegistrationApproval" name="test_scout_register_stashes_profile_and_approve_creates_member" time="1.720" /><testcase classname="tests.test_signup_flow.TestPrograms" name="test_full_without_waitlist_returns_400" time="0.486" /><testcase classname="tests.test_signup_flow.TestPrograms" name="test_scout_cannot_create_program" time="0.097" /><testcase classname="tests.test_user_admin.TestRegistrationApproval" name="test_leader_register_and_approve_grants_role" time="31.035" /><testcase classname="tests.test_signup_flow.TestPrograms" name="test_register_unknown_program_404" time="0.283" /><testcase classname="tests.backend_test.TestBadges" name="test_list_badges" time="19.721" /><testcase classname="tests.backend_test.TestBadges" name="test_update_progress" time="0.168" /><testcase classname="tests.backend_test.TestBadges" name="test_award_badge_notifies" time="11.629" /><testcase classname="tests.test_user_admin.TestRegistrationApproval" name="test_reject_blocks_login" time="0.795" /><testcase classname="tests.test_user_admin.TestRegistrationApproval" name="test_duplicate_email_and_bad_chapter" time="0.588" /><testcase classname="tests.backend_test.TestPrograms" name="test_list_programs" time="1.155" /><testcase classname="tests.backend_test.TestPrograms" name="test_create_program" time="0.117" /><testcase classname="tests.backend_test.TestPrograms" name="test_duplicate_program" time="0.104" /><testcase classname="tests.test_signup_flow.TestTrash" name="test_trash_permissions" time="8.140" /><testcase classname="tests.test_signup_flow.TestTrash" name="test_badge_archive_unarchive_roundtrip" time="0.889" /><testcase classname="tests.test_signup_flow.TestTrash" name="test_chapter_archive_unarchive_roundtrip" time="0.933" /><testcase classname="tests.backend_test.TestUserRole" name="test_update_role" time="36.276" /><testcase classname="tests.backend_test.TestUserRole" name="test_role_forbidden_for_scout" time="2.336" /><testcase classname="tests.test_signup_flow.TestPasswordChange" name="test_change_password_flow" time="7.392" /><testcase classname="tests.test_signup_flow.TestMemberRoleSyncAndParent" name="test_sync_role_suggestion_then_apply" time="57.305" /><testcase classname="tests.test_signup_flow.TestPasswordChange" name="test_google_only_account_cannot_change_password" time="0.140" /><testcase classname="tests.backend_test.TestChapters" name="test_list_chapters" time="0.109" /><testcase classname="tests.backend_test.TestAttendance" name="test_record_and_list" time="0.373" /><testcase classname="tests.test_signup_flow.TestMemberRoleSyncAndParent" name="test_sync_role_member_without_user" time="0.276" /><testcase classname="tests.backend_test.TestNewsletters" name="test_create_newsletter" time="0.110" /><testcase classname="tests.backend_test.TestAnnouncements" name="test_chapter_admin_announcement_scoped" time="0.159" /><testcase classname="tests.test_signup_flow.TestMemberRoleSyncAndParent" name="test_invite_parent_and_parent_children" time="1.155" /><testcase classname="tests.backend_test.TestAudit" name="test_admin_only" time="0.598" /><testcase classname="tests.backend_test.TestSearch" name="test_search_ararat" time="0.102"><failure message="assert 0 &gt;= 1&#10; +  where 0 = len([])">E   assert 0 &gt;= 1
     +  where 0 = len([])</failure></testcase><testcase classname="tests.backend_test.TestNotifications" name="test_get_and_mark_read" time="0.622" /></testsuite></testsuites>