<?xml version="1.0" encoding="utf-8"?><testsuites name="pytest tests"><testsuite name="pytest" errors="0" failures="0" skipped="0" tests="24" time="12.549" timestamp="2026-08-27T20:12:53.104846+00:00" hostname="agent-env-7b81f31b-2133-4569-93d5-aa3ec3e9d5d9"><testcase classname="tests.test_user_admin.TestSeededLogins" name="test_seeded_login[admin@scouts.am-admin123-national_admin]" time="0.557" /><testcase classname="tests.test_user_admin.TestSeededLogins" name="test_seeded_login[ararat.leader@scouts.am-scout123-chapter_admin]" time="0.535" /><testcase classname="tests.test_user_admin.TestArchiveDelete" name="test_archive_blocks_login_and_unarchive_restores" time="4.464" /><testcase classname="tests.test_user_admin.TestSeededLogins" name="test_seeded_login[sevan.leader@scouts.am-scout123-chapter_leader]" time="0.483" /><testcase classname="tests.test_user_admin.TestSeededLogins" name="test_seeded_login[narek@scouts.am-scout123-scout]" time="0.376" /><testcase classname="tests.test_user_admin.TestSeededLogins" name="test_bcrypt_hash_format" time="0.005" /><testcase classname="tests.test_user_admin.TestSeededLogins" name="test_seeded_programs_and_members" time="0.710" /><testcase classname="tests.test_user_admin.TestCompleteProfile" name="test_profile_incomplete_user_completes_and_becomes_pending" time="0.508" /><testcase classname="tests.test_user_admin.TestCompleteProfile" name="test_complete_profile_leader_variant" time="0.442" /><testcase classname="tests.test_user_admin.TestCompleteProfile" name="test_complete_profile_rejected_for_active_user" time="0.160" /><testcase classname="tests.test_user_admin.TestCompleteProfile" name="test_complete_profile_requires_auth" time="0.136" /><testcase classname="tests.test_user_admin.TestCompleteProfile" name="test_session_invalid_id" time="0.455" /><testcase classname="tests.test_user_admin.TestRegistrationApproval" name="test_scout_register_stashes_profile_and_approve_creates_member" time="2.072" /><testcase classname="tests.test_user_admin.TestArchiveDelete" name="test_cannot_archive_own_account" time="0.671" /><testcase classname="tests.test_user_admin.TestArchiveDelete" name="test_cannot_delete_own_account" time="0.352" /><testcase classname="tests.test_user_admin.TestArchiveDelete" name="test_national_admin_delete_removes_user" time="1.360" /><testcase classname="tests.test_user_admin.TestRegistrationApproval" name="test_leader_register_and_approve_grants_role" time="1.576" /><testcase classname="tests.test_user_admin.TestArchiveDelete" name="test_chapter_admin_cannot_delete" time="1.174" /><testcase classname="tests.test_user_admin.TestRegistrationApproval" name="test_reject_blocks_login" time="1.334" /><testcase classname="tests.test_user_admin.TestArchiveDelete" name="test_chapter_admin_archive_scoped_to_own_chapter" time="2.714" /><testcase classname="tests.test_user_admin.TestRegistrationApproval" name="test_duplicate_email_and_bad_chapter" time="0.798" /><testcase classname="tests.test_user_admin.TestArchiveDelete" name="test_chapter_admin_users_list_scoped" time="0.137" /><testcase classname="tests.test_user_admin.TestArchiveDelete" name="test_scout_cannot_list_users_or_archive" time="0.732" /><testcase classname="tests.test_user_admin.TestArchiveDelete" name="test_archive_unknown_user_404" time="0.175" /></testsuite></testsuites>