<?xml version="1.0" encoding="utf-8"?><testsuites name="pytest tests"><testsuite name="pytest" errors="0" failures="0" skipped="0" tests="24" time="7.503" timestamp="2026-08-28T07:09:53.674837+00:00" hostname="agent-env-7b81f31b-2133-4569-93d5-aa3ec3e9d5d9"><testcase classname="tests.test_archive_profile_iter3" name="test_seeded_logins[admin]" time="0.618" /><testcase classname="tests.test_archive_profile_iter3" name="test_seeded_logins[chapter_admin]" time="0.446" /><testcase classname="tests.test_archive_profile_iter3" name="test_seeded_logins[chapter_leader]" time="0.445" /><testcase classname="tests.test_archive_profile_iter3.TestPublicProfileAuthz" name="test_national_admin_can_update" time="2.165" /><testcase classname="tests.test_archive_profile_iter3" name="test_seeded_logins[scout]" time="0.315" /><testcase classname="tests.test_archive_profile_iter3.TestPublicProfileAuthz" name="test_chapter_admin_forbidden_same_chapter" time="0.135" /><testcase classname="tests.test_archive_profile_iter3" name="test_chapter_detail_leaders_all_active" time="0.994" /><testcase classname="tests.test_archive_profile_iter3.TestPublicProfileAuthz" name="test_self_edit_forbidden" time="0.562" /><testcase classname="tests.test_archive_profile_iter3.TestMembersArchiveFilters" name="test_default_excludes_archived" time="0.127" /><testcase classname="tests.test_archive_profile_iter3.TestMembersArchiveFilters" name="test_include_archived_true" time="0.233" /><testcase classname="tests.test_archive_profile_iter3.TestMembersArchiveFilters" name="test_status_archived_only" time="0.093" /><testcase classname="tests.test_archive_profile_iter3.TestPublicProfileAuthz" name="test_scout_forbidden" time="0.518" /><testcase classname="tests.test_archive_profile_iter3.TestSplitRegistration" name="test_scout_signup_pending_then_approve_creates_member" time="1.326" /><testcase classname="tests.test_archive_profile_iter3.TestPublicProfileAuthz" name="test_unauthenticated_forbidden" time="0.231" /><testcase classname="tests.test_archive_profile_iter3.TestPublicProfileAuthz" name="test_nonexistent_user_404" time="0.097" /><testcase classname="tests.test_archive_profile_iter3.TestGalleries" name="test_create_gallery_and_add_three_images" time="0.935" /><testcase classname="tests.test_archive_profile_iter3.TestSplitRegistration" name="test_leader_signup_pending_and_role_on_approval" time="1.224" /><testcase classname="tests.test_archive_profile_iter3.TestGalleries" name="test_public_galleries_trims_to_12" time="0.691" /><testcase classname="tests.test_archive_profile_iter3.TestGalleries" name="test_scout_cannot_create_gallery" time="0.101" /><testcase classname="tests.test_archive_profile_iter3.TestPublicLeaders" name="test_all_returned_leaders_are_active_roles" time="0.296" /><testcase classname="tests.test_archive_profile_iter3.TestPublicLeaders" name="test_archived_leader_excluded" time="1.100" /><testcase classname="tests.test_archive_profile_iter3.TestSplitRegistration" name="test_duplicate_email_rejected" time="0.250" /><testcase classname="tests.test_archive_profile_iter3.TestPublicOverviewArchived" name="test_archived_chapter_hidden" time="0.455" /><testcase classname="tests.test_archive_profile_iter3.TestPublicOverviewArchived" name="test_archived_badge_excluded_from_overview_count_and_public_badges" time="0.631" /></testsuite></testsuites>