<?xml version="1.0" encoding="utf-8"?><testsuites name="pytest tests"><testsuite name="pytest" errors="0" failures="0" skipped="0" tests="14" time="7.441" timestamp="2026-08-28T07:28:00.127401+00:00" hostname="agent-env-7b81f31b-2133-4569-93d5-aa3ec3e9d5d9"><testcase classname="tests.test_iter4_public_resources_unarchive.TestSeedLogins" name="test_seed_account_login[admin]" time="1.923" /><testcase classname="tests.test_iter4_public_resources_unarchive.TestSeedLogins" name="test_seed_account_login[ararat_admin]" time="0.470" /><testcase classname="tests.test_iter4_public_resources_unarchive.TestMemberUnarchive" name="test_national_admin_unarchive_and_listing" time="3.382" /><testcase classname="tests.test_iter4_public_resources_unarchive.TestSeedLogins" name="test_seed_account_login[sevan_leader]" time="0.356" /><testcase classname="tests.test_iter4_public_resources_unarchive.TestSeedLogins" name="test_seed_account_login[gyumri_admin]" time="0.321" /><testcase classname="tests.test_iter4_public_resources_unarchive.TestSeedLogins" name="test_ensure_seed_users_present_is_idempotent_reimport" time="1.787" /><testcase classname="tests.test_iter4_public_resources_unarchive.TestMemberUnarchive" name="test_unarchive_404_for_missing" time="0.079" /><testcase classname="tests.test_iter4_public_resources_unarchive.TestMemberUnarchive" name="test_chapter_admin_scoping" time="1.407" /><testcase classname="tests.test_iter4_public_resources_unarchive.TestMemberUnarchive" name="test_trash_chapter_scoping" time="0.807" /><testcase classname="tests.test_iter4_public_resources_unarchive.TestSearchArchiveExclusion" name="test_search_excludes_archived_member" time="0.873" /><testcase classname="tests.test_iter4_public_resources_unarchive.TestPublicResources" name="test_public_resources_no_auth" time="0.556" /><testcase classname="tests.test_iter4_public_resources_unarchive.TestSearchArchiveExclusion" name="test_search_excludes_archived_badge" time="0.429" /><testcase classname="tests.test_iter4_public_resources_unarchive.TestSearchArchiveExclusion" name="test_search_excludes_archived_chapter" time="0.395" /><testcase classname="tests.test_iter4_public_resources_unarchive.TestPublicResources" name="test_public_resource_missing_404" time="0.136" /></testsuite></testsuites>