<?xml version="1.0" encoding="utf-8"?><testsuites name="pytest tests"><testsuite name="pytest" errors="0" failures="0" skipped="0" tests="85" time="103.711" timestamp="2026-08-27T20:13:27.116905+00:00" hostname="agent-env-7b81f31b-2133-4569-93d5-aa3ec3e9d5d9"><testcase classname="tests.test_signup_flow.TestGoogleCompleteProfile" name="test_session_bad_id_returns_401" time="0.517" /><testcase classname="tests.test_user_admin.TestArchiveDelete" name="test_archive_blocks_login_and_unarchive_restores" time="3.269" /><testcase classname="tests.test_signup_flow.TestGoogleCompleteProfile" name="test_session_endpoint_code_sets_profile_incomplete" time="0.001" /><testcase classname="tests.test_signup_flow.TestGoogleCompleteProfile" name="test_google_scout_complete_profile_then_approve" time="2.164" /><testcase classname="tests.test_signup_flow.TestGoogleCompleteProfile" name="test_google_leader_complete_profile_then_approve" time="0.835" /><testcase classname="tests.test_user_admin.TestArchiveDelete" name="test_cannot_archive_own_account" time="0.296" /><testcase classname="tests.test_signup_flow.TestGoogleCompleteProfile" name="test_complete_profile_rejected_for_active_user" time="0.163" /><testcase classname="tests.test_user_admin.TestArchiveDelete" name="test_cannot_delete_own_account" time="0.332" /><testcase classname="tests.test_signup_flow.TestGoogleCompleteProfile" name="test_complete_profile_invalid_chapter" time="0.145" /><testcase classname="tests.test_signup_flow.TestGoogleCompleteProfile" name="test_complete_profile_requires_auth" time="0.116" /><testcase classname="tests.test_user_admin.TestArchiveDelete" name="test_national_admin_delete_removes_user" time="1.366" /><testcase classname="tests.test_signup_flow.TestRegisterApproval" name="test_scout_register_pending_then_approve_creates_member" time="2.276" /><testcase classname="tests.test_user_admin.TestArchiveDelete" name="test_chapter_admin_cannot_delete" time="1.547" /><testcase classname="tests.test_signup_flow.TestRegisterApproval" name="test_leader_register_approve_upgrades_role" time="1.384" /><testcase classname="tests.test_user_admin.TestArchiveDelete" name="test_chapter_admin_archive_scoped_to_own_chapter" time="33.158" /><testcase classname="tests.test_signup_flow.TestRegisterApproval" name="test_rejected_user_login_blocked" time="1.052" /><testcase classname="tests.test_signup_flow.TestRegisterApproval" name="test_register_invalid_chapter" time="0.166" /><testcase classname="tests.test_user_admin.TestArchiveDelete" name="test_chapter_admin_users_list_scoped" time="0.118" /><testcase classname="tests.test_user_admin.TestArchiveDelete" name="test_scout_cannot_list_users_or_archive" time="0.662" /><testcase classname="tests.test_user_admin.TestArchiveDelete" name="test_archive_unknown_user_404" time="0.156" /><testcase classname="tests.backend_test.TestAuth" name="test_login_admin" time="0.389" /><testcase classname="tests.backend_test.TestAuth" name="test_login_invalid" time="0.370" /><testcase classname="tests.backend_test.TestAuth" name="test_me" time="0.156" /><testcase classname="tests.backend_test.TestAuth" name="test_register" time="0.403" /><testcase classname="tests.backend_test.TestAuth" name="test_emergent_session_bad" time="0.240" /><testcase classname="tests.backend_test.TestMembers" name="test_admin_list_all" time="0.145" /><testcase classname="tests.backend_test.TestMembers" name="test_filter_by_chapter" time="0.149" /><testcase classname="tests.backend_test.TestMembers" name="test_filter_section" time="0.148" /><testcase classname="tests.backend_test.TestMembers" name="test_search_q" time="0.143" /><testcase classname="tests.backend_test.TestMembers" name="test_scout_sees_own_chapter" time="0.509" /><testcase classname="tests.backend_test.TestStats" name="test_national" time="0.145" /><testcase classname="tests.backend_test.TestStats" name="test_national_forbidden_for_scout" time="0.167" /><testcase classname="tests.backend_test.TestStats" name="test_chapter" time="0.590" /><testcase classname="tests.backend_test.TestStats" name="test_chapter_denied_other" time="0.162" /><testcase classname="tests.backend_test.TestStats" name="test_scout_stats" time="0.141" /><testcase classname="tests.test_signup_flow.TestPublicEndpoints" name="test_public_no_auth[/public/overview]" time="0.171" /><testcase classname="tests.test_signup_flow.TestPublicEndpoints" name="test_public_no_auth[/public/badges]" time="0.167" /><testcase classname="tests.test_signup_flow.TestPublicEndpoints" name="test_public_no_auth[/public/newsletters]" time="0.151" /><testcase classname="tests.test_signup_flow.TestPublicEndpoints" name="test_public_no_auth[/public/programs/upcoming]" time="0.156" /><testcase classname="tests.test_signup_flow.TestPublicEndpoints" name="test_public_no_auth[/public/announcements]" time="0.183" /><testcase classname="tests.test_signup_flow.TestPrograms" name="test_levels_and_counts" time="1.440" /><testcase classname="tests.test_signup_flow.TestPrograms" name="test_capacity_waitlist_and_promotion" time="2.369" /><testcase classname="tests.test_signup_flow.TestPrograms" name="test_full_without_waitlist_returns_400" time="0.502" /><testcase classname="tests.test_signup_flow.TestPrograms" name="test_scout_cannot_create_program" time="0.123" /><testcase classname="tests.test_signup_flow.TestPrograms" name="test_register_unknown_program_404" time="0.138" /><testcase classname="tests.test_user_admin.TestCompleteProfile" name="test_profile_incomplete_user_completes_and_becomes_pending" time="0.880" /><testcase classname="tests.test_user_admin.TestCompleteProfile" name="test_complete_profile_leader_variant" time="0.297" /><testcase classname="tests.test_user_admin.TestCompleteProfile" name="test_complete_profile_rejected_for_active_user" time="0.161" /><testcase classname="tests.test_user_admin.TestCompleteProfile" name="test_complete_profile_requires_auth" time="0.143" /><testcase classname="tests.test_user_admin.TestCompleteProfile" name="test_session_invalid_id" time="11.462" /><testcase classname="tests.test_user_admin.TestRegistrationApproval" name="test_scout_register_stashes_profile_and_approve_creates_member" time="1.921" /><testcase classname="tests.test_user_admin.TestRegistrationApproval" name="test_leader_register_and_approve_grants_role" time="1.145" /><testcase classname="tests.test_user_admin.TestRegistrationApproval" name="test_reject_blocks_login" time="0.881" /><testcase classname="tests.test_user_admin.TestRegistrationApproval" name="test_duplicate_email_and_bad_chapter" time="0.647" /><testcase classname="tests.backend_test.TestBadges" name="test_list_badges" time="0.146" /><testcase classname="tests.backend_test.TestBadges" name="test_update_progress" time="0.175" /><testcase classname="tests.backend_test.TestBadges" name="test_award_badge_notifies" time="0.568" /><testcase classname="tests.backend_test.TestPrograms" name="test_list_programs" time="0.672" /><testcase classname="tests.backend_test.TestPrograms" name="test_create_program" time="0.164" /><testcase classname="tests.backend_test.TestPrograms" name="test_duplicate_program" time="0.226" /><testcase classname="tests.test_signup_flow.TestMemberRoleSyncAndParent" name="test_sync_role_suggestion_then_apply" time="1.940" /><testcase classname="tests.test_signup_flow.TestMemberRoleSyncAndParent" name="test_sync_role_member_without_user" time="0.270" /><testcase classname="tests.test_signup_flow.TestMemberRoleSyncAndParent" name="test_invite_parent_and_parent_children" time="1.414" /><testcase classname="tests.test_signup_flow.TestTrash" name="test_trash_permissions" time="2.122" /><testcase classname="tests.test_signup_flow.TestTrash" name="test_badge_archive_unarchive_roundtrip" time="1.128" /><testcase classname="tests.test_signup_flow.TestTrash" name="test_chapter_archive_unarchive_roundtrip" time="1.567" /><testcase classname="tests.test_signup_flow.TestRegisterApproval" name="test_chapter_scoped_approval_permissions" time="70.841" /><testcase classname="tests.backend_test.TestUserRole" name="test_update_role" time="0.588" /><testcase classname="tests.backend_test.TestUserRole" name="test_role_forbidden_for_scout" time="0.191" /><testcase classname="tests.test_signup_flow.TestPasswordChange" name="test_change_password_flow" time="23.410" /><testcase classname="tests.test_signup_flow.TestRegisterApproval" name="test_chapter_admin_approves_own_chapter" time="1.578" /><testcase classname="tests.test_user_admin.TestSeededLogins" name="test_seeded_login[admin@scouts.am-admin123-national_admin]" time="0.416" /><testcase classname="tests.test_user_admin.TestSeededLogins" name="test_seeded_login[ararat.leader@scouts.am-scout123-chapter_admin]" time="0.384" /><testcase classname="tests.test_user_admin.TestSeededLogins" name="test_seeded_login[sevan.leader@scouts.am-scout123-chapter_leader]" time="0.386" /><testcase classname="tests.test_user_admin.TestSeededLogins" name="test_seeded_login[narek@scouts.am-scout123-scout]" time="0.365" /><testcase classname="tests.test_user_admin.TestSeededLogins" name="test_bcrypt_hash_format" time="0.003" /><testcase classname="tests.test_user_admin.TestSeededLogins" name="test_seeded_programs_and_members" time="0.743" /><testcase classname="tests.backend_test.TestAttendance" name="test_record_and_list" time="0.830" /><testcase classname="tests.backend_test.TestNewsletters" name="test_create_newsletter" time="0.531" /><testcase classname="tests.backend_test.TestAnnouncements" name="test_chapter_admin_announcement_scoped" time="0.139" /><testcase classname="tests.backend_test.TestNotifications" name="test_get_and_mark_read" time="0.664" /><testcase classname="tests.backend_test.TestAudit" name="test_admin_only" time="0.325" /><testcase classname="tests.backend_test.TestSearch" name="test_search_ararat" time="0.216" /><testcase classname="tests.test_signup_flow.TestPasswordChange" name="test_google_only_account_cannot_change_password" time="0.178" /><testcase classname="tests.backend_test.TestChapters" name="test_list_chapters" time="0.135" /></testsuite></testsuites>