<?xml version="1.0" encoding="utf-8"?><testsuites name="pytest tests"><testsuite name="pytest" errors="0" failures="1" skipped="0" tests="30" time="7.118" timestamp="2026-08-27T19:01:21.099102+00:00" hostname="agent-env-7b81f31b-2133-4569-93d5-aa3ec3e9d5d9"><testcase classname="tests.backend_test.TestAuth" name="test_login_admin" time="0.612" /><testcase classname="tests.backend_test.TestAuth" name="test_login_invalid" time="0.543" /><testcase classname="tests.backend_test.TestMembers" name="test_admin_list_all" time="1.138" /><testcase classname="tests.backend_test.TestMembers" name="test_filter_by_chapter" time="0.206" /><testcase classname="tests.backend_test.TestAuth" name="test_me" time="0.195" /><testcase classname="tests.backend_test.TestMembers" name="test_filter_section" time="0.411" /><testcase classname="tests.backend_test.TestAuth" name="test_register" time="0.387" /><testcase classname="tests.backend_test.TestAuth" name="test_emergent_session_bad" time="0.327" /><testcase classname="tests.backend_test.TestMembers" name="test_search_q" time="0.175" /><testcase classname="tests.backend_test.TestStats" name="test_national" time="0.282" /><testcase classname="tests.backend_test.TestMembers" name="test_scout_sees_own_chapter" time="0.583" /><testcase classname="tests.backend_test.TestBadges" name="test_list_badges" time="0.343" /><testcase classname="tests.backend_test.TestStats" name="test_national_forbidden_for_scout" time="0.747" /><testcase classname="tests.backend_test.TestBadges" name="test_update_progress" time="0.920" /><testcase classname="tests.backend_test.TestStats" name="test_chapter" time="0.784" /><testcase classname="tests.backend_test.TestBadges" name="test_award_badge_notifies" time="0.888" /><testcase classname="tests.backend_test.TestStats" name="test_chapter_denied_other" time="0.153" /><testcase classname="tests.backend_test.TestStats" name="test_scout_stats" time="0.192" /><testcase classname="tests.backend_test.TestUserRole" name="test_update_role" time="0.684" /><testcase classname="tests.backend_test.TestPrograms" name="test_list_programs" time="0.135" /><testcase classname="tests.backend_test.TestPrograms" name="test_create_program" time="0.215" /><testcase classname="tests.backend_test.TestUserRole" name="test_role_forbidden_for_scout" time="0.180" /><testcase classname="tests.backend_test.TestPrograms" name="test_duplicate_program" time="0.262"><failure message="assert 500 == 200&#10; +  where 500 = &lt;Response [500]&gt;.status_code">backend/tests/backend_test.py:154: in test_duplicate_program
    assert r.status_code == 200
E   assert 500 == 200
E    +  where 500 = &lt;Response [500]&gt;.status_code</failure></testcase><testcase classname="tests.backend_test.TestChapters" name="test_list_chapters" time="0.229" /><testcase classname="tests.backend_test.TestAttendance" name="test_record_and_list" time="0.699" /><testcase classname="tests.backend_test.TestNewsletters" name="test_create_newsletter" time="0.184" /><testcase classname="tests.backend_test.TestNotifications" name="test_get_and_mark_read" time="0.362" /><testcase classname="tests.backend_test.TestSearch" name="test_search_ararat" time="0.182" /><testcase classname="tests.backend_test.TestAnnouncements" name="test_chapter_admin_announcement_scoped" time="0.216" /><testcase classname="tests.backend_test.TestAudit" name="test_admin_only" time="0.290" /></testsuite></testsuites>