<?xml version="1.0" encoding="utf-8"?><testsuites name="pytest tests"><testsuite name="pytest" errors="15" failures="3" skipped="0" tests="85" time="81.644" timestamp="2026-08-28T06:51:49.560259+00:00" hostname="agent-env-7b81f31b-2133-4569-93d5-aa3ec3e9d5d9"><testcase classname="tests.test_signup_flow.TestGoogleCompleteProfile" name="test_session_bad_id_returns_401" time="0.338" /><testcase classname="tests.test_signup_flow.TestGoogleCompleteProfile" name="test_session_endpoint_code_sets_profile_incomplete" time="0.001" /><testcase classname="tests.test_user_admin.TestArchiveDelete" name="test_archive_blocks_login_and_unarchive_restores" time="2.911" /><testcase classname="tests.test_signup_flow.TestGoogleCompleteProfile" name="test_google_scout_complete_profile_then_approve" time="1.823" /><testcase classname="tests.test_signup_flow.TestGoogleCompleteProfile" name="test_google_leader_complete_profile_then_approve" time="0.696" /><testcase classname="tests.test_signup_flow.TestGoogleCompleteProfile" name="test_complete_profile_rejected_for_active_user" time="0.099" /><testcase classname="tests.test_user_admin.TestArchiveDelete" name="test_cannot_archive_own_account" time="0.242" /><testcase classname="tests.test_signup_flow.TestGoogleCompleteProfile" name="test_complete_profile_invalid_chapter" time="0.109" /><testcase classname="tests.test_signup_flow.TestGoogleCompleteProfile" name="test_complete_profile_requires_auth" time="0.119" /><testcase classname="tests.test_user_admin.TestArchiveDelete" name="test_cannot_delete_own_account" time="0.377" /><testcase classname="tests.test_signup_flow.TestRegisterApproval" name="test_scout_register_pending_then_approve_creates_member" time="1.904" /><testcase classname="tests.test_user_admin.TestArchiveDelete" name="test_national_admin_delete_removes_user" time="0.896" /><testcase classname="tests.test_user_admin.TestArchiveDelete" name="test_chapter_admin_cannot_delete" time="0.290"><error message="failed on setup with &quot;Failed: login failed for ararat.leader@scouts.am: 401 {&quot;detail&quot;:&quot;Invalid email or password&quot;}&quot;">E   Failed: login failed for ararat.leader@scouts.am: 401 {"detail":"Invalid email or password"}</error></testcase><testcase classname="tests.test_user_admin.TestArchiveDelete" name="test_chapter_admin_archive_scoped_to_own_chapter" time="0.000"><error message="failed on setup with &quot;Failed: login failed for ararat.leader@scouts.am: 401 {&quot;detail&quot;:&quot;Invalid email or password&quot;}&quot;">E   Failed: login failed for ararat.leader@scouts.am: 401 {"detail":"Invalid email or password"}</error></testcase><testcase classname="tests.test_user_admin.TestArchiveDelete" name="test_chapter_admin_users_list_scoped" time="0.000"><error message="failed on setup with &quot;Failed: login failed for ararat.leader@scouts.am: 401 {&quot;detail&quot;:&quot;Invalid email or password&quot;}&quot;">E   Failed: login failed for ararat.leader@scouts.am: 401 {"detail":"Invalid email or password"}</error></testcase><testcase classname="tests.test_user_admin.TestArchiveDelete" name="test_scout_cannot_list_users_or_archive" time="0.898" /><testcase classname="tests.test_signup_flow.TestRegisterApproval" name="test_leader_register_approve_upgrades_role" time="1.285" /><testcase classname="tests.test_user_admin.TestArchiveDelete" name="test_archive_unknown_user_404" time="0.283" /><testcase classname="tests.test_user_admin.TestSeededLogins" name="test_seeded_login[admin@scouts.am-admin123-national_admin]" time="0.322" /><testcase classname="tests.test_user_admin.TestSeededLogins" name="test_seeded_login[ararat.leader@scouts.am-scout123-chapter_admin]" time="0.103"><failure message="AssertionError: {&quot;detail&quot;:&quot;Invalid email or password&quot;}&#10;assert 401 == 200&#10; +  where 401 = &lt;Response [401]&gt;.status_code">E   AssertionError: {"detail":"Invalid email or password"}
    assert 401 == 200
     +  where 401 = &lt;Response [401]&gt;.status_code</failure></testcase><testcase classname="tests.test_user_admin.TestSeededLogins" name="test_seeded_login[sevan.leader@scouts.am-scout123-chapter_leader]" time="0.096"><failure message="AssertionError: {&quot;detail&quot;:&quot;Invalid email or password&quot;}&#10;assert 401 == 200&#10; +  where 401 = &lt;Response [401]&gt;.status_code">E   AssertionError: {"detail":"Invalid email or password"}
    assert 401 == 200
     +  where 401 = &lt;Response [401]&gt;.status_code</failure></testcase><testcase classname="tests.test_signup_flow.TestRegisterApproval" name="test_rejected_user_login_blocked" time="1.056" /><testcase classname="tests.test_user_admin.TestSeededLogins" name="test_seeded_login[narek@scouts.am-scout123-scout]" time="0.533" /><testcase classname="tests.test_user_admin.TestSeededLogins" name="test_bcrypt_hash_format" time="0.001" /><testcase classname="tests.test_user_admin.TestSeededLogins" name="test_seeded_programs_and_members" time="0.466" /><testcase classname="tests.test_signup_flow.TestRegisterApproval" name="test_register_invalid_chapter" time="0.320" /><testcase classname="tests.backend_test.TestAuth" name="test_login_admin" time="0.370" /><testcase classname="tests.backend_test.TestAuth" name="test_login_invalid" time="0.342" /><testcase classname="tests.test_signup_flow.TestRegisterApproval" name="test_chapter_scoped_approval_permissions" time="0.116"><error message="failed on setup with &quot;AssertionError: login ararat.leader@scouts.am failed: 401 {&quot;detail&quot;:&quot;Invalid email or password&quot;}&#10;assert 401 == 200&#10; +  where 401 = &lt;Response [401]&gt;.status_code&quot;">E   AssertionError: login ararat.leader@scouts.am failed: 401 {"detail":"Invalid email or password"}
    assert 401 == 200
     +  where 401 = &lt;Response [401]&gt;.status_code</error></testcase><testcase classname="tests.test_signup_flow.TestRegisterApproval" name="test_chapter_admin_approves_own_chapter" time="0.001"><error message="failed on setup with &quot;AssertionError: login ararat.leader@scouts.am failed: 401 {&quot;detail&quot;:&quot;Invalid email or password&quot;}&#10;assert 401 == 200&#10; +  where 401 = &lt;Response [401]&gt;.status_code&quot;">E   AssertionError: login ararat.leader@scouts.am failed: 401 {"detail":"Invalid email or password"}
    assert 401 == 200
     +  where 401 = &lt;Response [401]&gt;.status_code</error></testcase><testcase classname="tests.backend_test.TestAuth" name="test_me" time="0.230" /><testcase classname="tests.backend_test.TestMembers" name="test_admin_list_all" time="0.619" /><testcase classname="tests.backend_test.TestAuth" name="test_register" time="0.393" /><testcase classname="tests.backend_test.TestMembers" name="test_filter_by_chapter" time="0.227" /><testcase classname="tests.backend_test.TestMembers" name="test_filter_section" time="0.119" /><testcase classname="tests.backend_test.TestAuth" name="test_emergent_session_bad" time="0.196" /><testcase classname="tests.backend_test.TestMembers" name="test_search_q" time="0.132" /><testcase classname="tests.backend_test.TestStats" name="test_national" time="0.352" /><testcase classname="tests.backend_test.TestMembers" name="test_scout_sees_own_chapter" time="0.664" /><testcase classname="tests.test_signup_flow.TestPublicEndpoints" name="test_public_no_auth[/public/overview]" time="0.108" /><testcase classname="tests.backend_test.TestStats" name="test_national_forbidden_for_scout" time="0.429" /><testcase classname="tests.test_signup_flow.TestPublicEndpoints" name="test_public_no_auth[/public/badges]" time="0.233" /><testcase classname="tests.backend_test.TestStats" name="test_chapter" time="0.095"><error message="failed on setup with &quot;AssertionError: {&quot;detail&quot;:&quot;Invalid email or password&quot;}&#10;assert 401 == 200&#10; +  where 401 = &lt;Response [401]&gt;.status_code&quot;">E   AssertionError: {"detail":"Invalid email or password"}
    assert 401 == 200
     +  where 401 = &lt;Response [401]&gt;.status_code</error></testcase><testcase classname="tests.backend_test.TestStats" name="test_chapter_denied_other" time="0.000"><error message="failed on setup with &quot;AssertionError: {&quot;detail&quot;:&quot;Invalid email or password&quot;}&#10;assert 401 == 200&#10; +  where 401 = &lt;Response [401]&gt;.status_code&quot;">E   AssertionError: {"detail":"Invalid email or password"}
    assert 401 == 200
     +  where 401 = &lt;Response [401]&gt;.status_code</error></testcase><testcase classname="tests.backend_test.TestStats" name="test_scout_stats" time="0.101" /><testcase classname="tests.test_signup_flow.TestPublicEndpoints" name="test_public_no_auth[/public/newsletters]" time="0.315" /><testcase classname="tests.test_signup_flow.TestPublicEndpoints" name="test_public_no_auth[/public/programs/upcoming]" time="0.143" /><testcase classname="tests.test_signup_flow.TestPublicEndpoints" name="test_public_no_auth[/public/announcements]" time="0.360" /><testcase classname="tests.test_signup_flow.TestPrograms" name="test_levels_and_counts" time="0.511"><error message="failed on setup with &quot;AssertionError: login ararat.leader@scouts.am failed: 401 {&quot;detail&quot;:&quot;Invalid email or password&quot;}&#10;assert 401 == 200&#10; +  where 401 = &lt;Response [401]&gt;.status_code&quot;">E   AssertionError: login ararat.leader@scouts.am failed: 401 {"detail":"Invalid email or password"}
    assert 401 == 200
     +  where 401 = &lt;Response [401]&gt;.status_code</error></testcase><testcase classname="tests.test_signup_flow.TestPrograms" name="test_capacity_waitlist_and_promotion" time="0.457"><error message="failed on setup with &quot;AssertionError: login sevan.leader@scouts.am failed: 401 {&quot;detail&quot;:&quot;Invalid email or password&quot;}&#10;assert 401 == 200&#10; +  where 401 = &lt;Response [401]&gt;.status_code&quot;">E   AssertionError: login sevan.leader@scouts.am failed: 401 {"detail":"Invalid email or password"}
    assert 401 == 200
     +  where 401 = &lt;Response [401]&gt;.status_code</error></testcase><testcase classname="tests.test_signup_flow.TestPrograms" name="test_full_without_waitlist_returns_400" time="0.000"><error message="failed on setup with &quot;AssertionError: login sevan.leader@scouts.am failed: 401 {&quot;detail&quot;:&quot;Invalid email or password&quot;}&#10;assert 401 == 200&#10; +  where 401 = &lt;Response [401]&gt;.status_code&quot;">E   AssertionError: login sevan.leader@scouts.am failed: 401 {"detail":"Invalid email or password"}
    assert 401 == 200
     +  where 401 = &lt;Response [401]&gt;.status_code</error></testcase><testcase classname="tests.test_signup_flow.TestPrograms" name="test_scout_cannot_create_program" time="0.268" /><testcase classname="tests.test_signup_flow.TestPrograms" name="test_register_unknown_program_404" time="0.121" /><testcase classname="tests.test_user_admin.TestCompleteProfile" name="test_profile_incomplete_user_completes_and_becomes_pending" time="1.169" /><testcase classname="tests.test_user_admin.TestRegistrationApproval" name="test_scout_register_stashes_profile_and_approve_creates_member" time="1.955" /><testcase classname="tests.test_user_admin.TestCompleteProfile" name="test_complete_profile_leader_variant" time="0.434" /><testcase classname="tests.test_user_admin.TestCompleteProfile" name="test_complete_profile_rejected_for_active_user" time="0.118" /><testcase classname="tests.test_user_admin.TestCompleteProfile" name="test_complete_profile_requires_auth" time="0.138" /><testcase classname="tests.test_user_admin.TestCompleteProfile" name="test_session_invalid_id" time="0.156" /><testcase classname="tests.backend_test.TestBadges" name="test_list_badges" time="0.293" /><testcase classname="tests.backend_test.TestBadges" name="test_update_progress" time="0.111"><error message="failed on setup with &quot;AssertionError: {&quot;detail&quot;:&quot;Invalid email or password&quot;}&#10;assert 401 == 200&#10; +  where 401 = &lt;Response [401]&gt;.status_code&quot;">E   AssertionError: {"detail":"Invalid email or password"}
    assert 401 == 200
     +  where 401 = &lt;Response [401]&gt;.status_code</error></testcase><testcase classname="tests.backend_test.TestBadges" name="test_award_badge_notifies" time="0.000"><error message="failed on setup with &quot;AssertionError: {&quot;detail&quot;:&quot;Invalid email or password&quot;}&#10;assert 401 == 200&#10; +  where 401 = &lt;Response [401]&gt;.status_code&quot;">E   AssertionError: {"detail":"Invalid email or password"}
    assert 401 == 200
     +  where 401 = &lt;Response [401]&gt;.status_code</error></testcase><testcase classname="tests.backend_test.TestPrograms" name="test_list_programs" time="0.120" /><testcase classname="tests.test_user_admin.TestRegistrationApproval" name="test_leader_register_and_approve_grants_role" time="1.362" /><testcase classname="tests.backend_test.TestPrograms" name="test_create_program" time="0.263" /><testcase classname="tests.backend_test.TestPrograms" name="test_duplicate_program" time="0.100" /><testcase classname="tests.test_user_admin.TestRegistrationApproval" name="test_reject_blocks_login" time="45.256" /><testcase classname="tests.test_signup_flow.TestMemberRoleSyncAndParent" name="test_sync_role_suggestion_then_apply" time="59.459" /><testcase classname="tests.test_user_admin.TestRegistrationApproval" name="test_duplicate_email_and_bad_chapter" time="0.629" /><testcase classname="tests.test_signup_flow.TestTrash" name="test_trash_permissions" time="0.468"><error message="failed on setup with &quot;AssertionError: login ararat.leader@scouts.am failed: 401 {&quot;detail&quot;:&quot;Invalid email or password&quot;}&#10;assert 401 == 200&#10; +  where 401 = &lt;Response [401]&gt;.status_code&quot;">E   AssertionError: login ararat.leader@scouts.am failed: 401 {"detail":"Invalid email or password"}
    assert 401 == 200
     +  where 401 = &lt;Response [401]&gt;.status_code</error></testcase><testcase classname="tests.test_signup_flow.TestTrash" name="test_badge_archive_unarchive_roundtrip" time="2.887" /><testcase classname="tests.test_signup_flow.TestTrash" name="test_chapter_archive_unarchive_roundtrip" time="0.812" /><testcase classname="tests.backend_test.TestUserRole" name="test_update_role" time="12.708" /><testcase classname="tests.test_signup_flow.TestMemberRoleSyncAndParent" name="test_sync_role_member_without_user" time="0.217" /><testcase classname="tests.test_signup_flow.TestMemberRoleSyncAndParent" name="test_invite_parent_and_parent_children" time="1.178" /><testcase classname="tests.backend_test.TestChapters" name="test_list_chapters" time="0.104" /><testcase classname="tests.backend_test.TestAttendance" name="test_record_and_list" time="0.000"><error message="failed on setup with &quot;AssertionError: {&quot;detail&quot;:&quot;Invalid email or password&quot;}&#10;assert 401 == 200&#10; +  where 401 = &lt;Response [401]&gt;.status_code&quot;">E   AssertionError: {"detail":"Invalid email or password"}
    assert 401 == 200
     +  where 401 = &lt;Response [401]&gt;.status_code</error></testcase><testcase classname="tests.backend_test.TestNewsletters" name="test_create_newsletter" time="0.159" /><testcase classname="tests.backend_test.TestAnnouncements" name="test_chapter_admin_announcement_scoped" time="0.000"><error message="failed on setup with &quot;AssertionError: {&quot;detail&quot;:&quot;Invalid email or password&quot;}&#10;assert 401 == 200&#10; +  where 401 = &lt;Response [401]&gt;.status_code&quot;">E   AssertionError: {"detail":"Invalid email or password"}
    assert 401 == 200
     +  where 401 = &lt;Response [401]&gt;.status_code</error></testcase><testcase classname="tests.backend_test.TestNotifications" name="test_get_and_mark_read" time="0.219" /><testcase classname="tests.backend_test.TestAudit" name="test_admin_only" time="0.251" /><testcase classname="tests.backend_test.TestSearch" name="test_search_ararat" time="0.120"><failure message="assert 0 &gt;= 1&#10; +  where 0 = len([])">E   assert 0 &gt;= 1
     +  where 0 = len([])</failure></testcase><testcase classname="tests.backend_test.TestUserRole" name="test_role_forbidden_for_scout" time="0.126" /><testcase classname="tests.test_signup_flow.TestPasswordChange" name="test_change_password_flow" time="3.093" /><testcase classname="tests.test_signup_flow.TestPasswordChange" name="test_google_only_account_cannot_change_password" time="0.101" /></testsuite></testsuites>