<?xml version="1.0" encoding="utf-8"?><testsuites name="pytest tests"><testsuite name="pytest" errors="0" failures="0" skipped="0" tests="30" time="6.132" timestamp="2026-08-27T20:06:10.781954+00:00" hostname="agent-env-7b81f31b-2133-4569-93d5-aa3ec3e9d5d9"><testcase classname="tests.backend_test.TestAuth" name="test_login_admin" time="0.851" /><testcase classname="tests.backend_test.TestAuth" name="test_login_invalid" time="0.497" /><testcase classname="tests.backend_test.TestMembers" name="test_admin_list_all" time="1.362" /><testcase classname="tests.backend_test.TestAuth" name="test_me" time="0.133" /><testcase classname="tests.backend_test.TestMembers" name="test_filter_by_chapter" time="0.165" /><testcase classname="tests.backend_test.TestAuth" name="test_register" time="0.371" /><testcase classname="tests.backend_test.TestMembers" name="test_filter_section" time="0.329" /><testcase classname="tests.backend_test.TestAuth" name="test_emergent_session_bad" time="0.238" /><testcase classname="tests.backend_test.TestMembers" name="test_search_q" time="0.195" /><testcase classname="tests.backend_test.TestStats" name="test_national" time="0.345" /><testcase classname="tests.backend_test.TestMembers" name="test_scout_sees_own_chapter" time="0.530" /><testcase classname="tests.backend_test.TestBadges" name="test_list_badges" time="0.250" /><testcase classname="tests.backend_test.TestStats" name="test_national_forbidden_for_scout" time="0.530" /><testcase classname="tests.backend_test.TestBadges" name="test_update_progress" time="0.677" /><testcase classname="tests.backend_test.TestStats" name="test_chapter" time="0.660" /><testcase classname="tests.backend_test.TestBadges" name="test_award_badge_notifies" time="0.489" /><testcase classname="tests.backend_test.TestStats" name="test_chapter_denied_other" time="0.171" /><testcase classname="tests.backend_test.TestStats" name="test_scout_stats" time="0.122" /><testcase classname="tests.backend_test.TestUserRole" name="test_update_role" time="0.491" /><testcase classname="tests.backend_test.TestPrograms" name="test_list_programs" time="0.284" /><testcase classname="tests.backend_test.TestPrograms" name="test_create_program" time="0.145" /><testcase classname="tests.backend_test.TestUserRole" name="test_role_forbidden_for_scout" time="0.151" /><testcase classname="tests.backend_test.TestPrograms" name="test_duplicate_program" time="0.150" /><testcase classname="tests.backend_test.TestChapters" name="test_list_chapters" time="0.130" /><testcase classname="tests.backend_test.TestAttendance" name="test_record_and_list" time="0.484" /><testcase classname="tests.backend_test.TestNewsletters" name="test_create_newsletter" time="0.131" /><testcase classname="tests.backend_test.TestNotifications" name="test_get_and_mark_read" time="0.271" /><testcase classname="tests.backend_test.TestAnnouncements" name="test_chapter_admin_announcement_scoped" time="0.246" /><testcase classname="tests.backend_test.TestSearch" name="test_search_ararat" time="0.160" /><testcase classname="tests.backend_test.TestAudit" name="test_admin_only" time="0.312" /></testsuite></testsuites>