<?xml version="1.0" encoding="utf-8"?><testsuites name="pytest tests"><testsuite name="pytest" errors="0" failures="0" skipped="0" tests="31" time="16.288" timestamp="2026-08-27T20:04:18.033498+00:00" hostname="agent-env-7b81f31b-2133-4569-93d5-aa3ec3e9d5d9"><testcase classname="tests.test_signup_flow.TestGoogleCompleteProfile" name="test_session_bad_id_returns_401" time="0.618" /><testcase classname="tests.test_signup_flow.TestRegisterApproval" name="test_scout_register_pending_then_approve_creates_member" time="2.782" /><testcase classname="tests.test_signup_flow.TestGoogleCompleteProfile" name="test_session_endpoint_code_sets_profile_incomplete" time="0.001" /><testcase classname="tests.test_signup_flow.TestGoogleCompleteProfile" name="test_google_scout_complete_profile_then_approve" time="1.860" /><testcase classname="tests.test_signup_flow.TestGoogleCompleteProfile" name="test_google_leader_complete_profile_then_approve" time="0.809" /><testcase classname="tests.test_signup_flow.TestRegisterApproval" name="test_leader_register_approve_upgrades_role" time="1.285" /><testcase classname="tests.test_signup_flow.TestGoogleCompleteProfile" name="test_complete_profile_rejected_for_active_user" time="0.141" /><testcase classname="tests.test_signup_flow.TestGoogleCompleteProfile" name="test_complete_profile_invalid_chapter" time="0.290" /><testcase classname="tests.test_signup_flow.TestGoogleCompleteProfile" name="test_complete_profile_requires_auth" time="0.141" /><testcase classname="tests.test_signup_flow.TestPublicEndpoints" name="test_public_no_auth[/public/overview]" time="0.123" /><testcase classname="tests.test_signup_flow.TestPublicEndpoints" name="test_public_no_auth[/public/badges]" time="0.125" /><testcase classname="tests.test_signup_flow.TestRegisterApproval" name="test_rejected_user_login_blocked" time="0.951" /><testcase classname="tests.test_signup_flow.TestPublicEndpoints" name="test_public_no_auth[/public/newsletters]" time="0.327" /><testcase classname="tests.test_signup_flow.TestPublicEndpoints" name="test_public_no_auth[/public/programs/upcoming]" time="0.147" /><testcase classname="tests.test_signup_flow.TestPublicEndpoints" name="test_public_no_auth[/public/announcements]" time="0.151" /><testcase classname="tests.test_signup_flow.TestRegisterApproval" name="test_register_invalid_chapter" time="0.311" /><testcase classname="tests.test_signup_flow.TestPrograms" name="test_levels_and_counts" time="1.738" /><testcase classname="tests.test_signup_flow.TestRegisterApproval" name="test_chapter_scoped_approval_permissions" time="2.428" /><testcase classname="tests.test_signup_flow.TestPrograms" name="test_capacity_waitlist_and_promotion" time="2.694" /><testcase classname="tests.test_signup_flow.TestRegisterApproval" name="test_chapter_admin_approves_own_chapter" time="1.000" /><testcase classname="tests.test_signup_flow.TestPrograms" name="test_full_without_waitlist_returns_400" time="0.526" /><testcase classname="tests.test_signup_flow.TestMemberRoleSyncAndParent" name="test_sync_role_suggestion_then_apply" time="1.802" /><testcase classname="tests.test_signup_flow.TestPrograms" name="test_scout_cannot_create_program" time="0.168" /><testcase classname="tests.test_signup_flow.TestPrograms" name="test_register_unknown_program_404" time="0.143" /><testcase classname="tests.test_signup_flow.TestTrash" name="test_trash_permissions" time="0.792" /><testcase classname="tests.test_signup_flow.TestMemberRoleSyncAndParent" name="test_sync_role_member_without_user" time="0.370" /><testcase classname="tests.test_signup_flow.TestTrash" name="test_badge_archive_unarchive_roundtrip" time="1.473" /><testcase classname="tests.test_signup_flow.TestMemberRoleSyncAndParent" name="test_invite_parent_and_parent_children" time="1.223" /><testcase classname="tests.test_signup_flow.TestPasswordChange" name="test_change_password_flow" time="3.116" /><testcase classname="tests.test_signup_flow.TestTrash" name="test_chapter_archive_unarchive_roundtrip" time="1.608" /><testcase classname="tests.test_signup_flow.TestPasswordChange" name="test_google_only_account_cannot_change_password" time="0.161" /></testsuite></testsuites>